2020-07-24 23:50:22 [restartedMain] INFO  com.ReditClone.ReditCloneApplication -
				Starting ReditCloneApplication on DESKTOP-0PVGNSQ with PID 14068 (E:\stsworkspace\ReditClone\target\classes started by DELL in E:\stsworkspace\ReditClone)
2020-07-24 23:50:22 [restartedMain] DEBUG com.ReditClone.ReditCloneApplication -
				Running with Spring Boot v2.3.1.RELEASE, Spring v5.2.7.RELEASE
2020-07-24 23:50:22 [restartedMain] INFO  com.ReditClone.ReditCloneApplication -
				No active profile set, falling back to default profiles: default
2020-07-24 23:50:27 [restartedMain] INFO  com.ReditClone.security.JwtProvider -
				keyStore....java.security.KeyStore@49717e97
2020-07-24 23:50:27 [restartedMain] INFO  com.ReditClone.security.JwtProvider -
				resourceAsStream....java.io.BufferedInputStream@5c152c6a
2020-07-24 23:50:39 [restartedMain] DEBUG c.R.security.JwtAuthenticationFilter -
				Filter 'jwtAuthenticationFilter' configured for use
2020-07-24 23:50:43 [restartedMain] INFO  com.ReditClone.ReditCloneApplication -
				Started ReditCloneApplication in 21.302 seconds (JVM running for 22.826)
2020-07-24 23:53:33 [http-nio-8080-exec-2] INFO  c.R.security.JwtAuthenticationFilter -
				 ....into dofiler method......
2020-07-24 23:53:33 [http-nio-8080-exec-1] INFO  c.R.security.JwtAuthenticationFilter -
				 ....into dofiler method......
2020-07-24 23:53:33 [http-nio-8080-exec-1] INFO  c.R.security.JwtAuthenticationFilter -
				bearerToken......null
2020-07-24 23:53:33 [http-nio-8080-exec-2] INFO  c.R.security.JwtAuthenticationFilter -
				bearerToken......null
2020-07-24 23:53:33 [http-nio-8080-exec-2] INFO  c.R.security.JwtAuthenticationFilter -
				 jwt..... null
2020-07-24 23:53:33 [http-nio-8080-exec-1] INFO  c.R.security.JwtAuthenticationFilter -
				 jwt..... null
2020-07-24 23:53:33 [http-nio-8080-exec-2] INFO  c.R.aspect.RedditCloneLoggingAspect -
				<================in BeforeAdvice Calling method================>SubredditController.getAllSubreddits()
2020-07-24 23:53:33 [http-nio-8080-exec-1] INFO  c.R.aspect.RedditCloneLoggingAspect -
				<================in BeforeAdvice Calling method================>PostController.getAllPosts()
2020-07-24 23:53:34 [http-nio-8080-exec-1] INFO  c.R.aspect.RedditCloneLoggingAspect -
				<================in BeforeAdvice Calling method================>PostService.getAllPosts()
2020-07-24 23:53:34 [http-nio-8080-exec-2] INFO  c.R.aspect.RedditCloneLoggingAspect -
				<================in BeforeAdvice Calling method================>SubredditService.getAll()
2020-07-24 23:53:34 [http-nio-8080-exec-1] INFO  c.R.aspect.RedditCloneLoggingAspect -
				<================in BeforeAdvice Calling method================>CommentRepository.findByPost(..)
2020-07-24 23:53:34 [http-nio-8080-exec-2] INFO  c.R.aspect.RedditCloneLoggingAspect -
				<=========in After ReturningAdvice calling method=======>SubredditService.getAll()
2020-07-24 23:53:34 [http-nio-8080-exec-2] INFO  c.R.aspect.RedditCloneLoggingAspect -
				====>argument:<====[SubredditDto [subredditId=1, name=First Subreddit, description=this is my first subreddit, createdDate=10 days ago, user=rukesh], SubredditDto [subredditId=2, name=Second Subreddit, description=this is my second subreddit, createdDate=11 days ago, user=rukesh], SubredditDto [subredditId=3, name=Third Subreddit, description=this is my third subreddit, createdDate=12 days ago, user=rukesh], SubredditDto [subredditId=4, name=Fourth subreddit, description=this is my fourth subreddit, createdDate=8 days ago, user=rukesh], SubredditDto [subredditId=5, name=Rukesh subreddit, description=this is rukesh subreddit, createdDate=7 days ago, user=rukesh], SubredditDto [subredditId=7, name=nani subreddit, description=this is nani subreddit, createdDate=7 days ago, user=rukesh], SubredditDto [subredditId=8, name=Bhanu subreddit, description=Bhanu is nani subreddit, createdDate=7 days ago, user=rukesh], SubredditDto [subredditId=11, name=Prabas Subreddit, description=this is prabas subreddit created for Radha Syam Movie..., createdDate=5 days ago, user=rukesh], SubredditDto [subredditId=14, name=uv Creations subreddit, description=this is uv creations  subreddit..., createdDate=5 days ago, user=rukesh], SubredditDto [subredditId=15, name=RRR movie Subreddit, description=this is RRR movie subreddit, createdDate=5 days ago, user=rukesh], SubredditDto [subredditId=17, name=RADHE SYAM Subreddit, description=this is radhe syam subreddit..., createdDate=5 days ago, user=rukesh], SubredditDto [subredditId=19, name=Aswadhama Subreddit, description=This is NagaSowrya Aswadhama Subreddit, createdDate=5 days ago, user=rukesh], SubredditDto [subredditId=20, name=Tarak Subreddit, description=this is tarak subreddit, createdDate=5 days ago, user=rukesh], SubredditDto [subredditId=22, name=UNO Subreddit, description=this is uno subreddit, createdDate=4 days ago, user=rukesh], SubredditDto [subredditId=23, name=W.H.O Subreddit, description=this is W.H.O subreddit, createdDate=4 days ago, user=rukesh]]
2020-07-24 23:53:34 [http-nio-8080-exec-1] INFO  c.R.aspect.RedditCloneLoggingAspect -
				====>argument:Post [postId=1, postname=First Post, url=www.google.com, description=this is my first post, voteCount=-1, user=User [userId=1, username=rukesh, password=$2a$10$SF5S4MU9ED3qcXQ1HRF6feY69KCWd0pmCMqTq8c6Y7WZO90nYAkea, email=tech.rukesh9999@gmail.com, createdDate=2020-07-15T12:07:50.265Z, enabled=true], createdDate=2020-02-01T18:30:00Z, subreddit=Subreddit [subredditId=1, name=First Subreddit, description=this is my first subreddit, posts=[], createdDate=2020-07-13T18:30:00Z, user=User [userId=1, username=rukesh, password=$2a$10$SF5S4MU9ED3qcXQ1HRF6feY69KCWd0pmCMqTq8c6Y7WZO90nYAkea, email=tech.rukesh9999@gmail.com, createdDate=2020-07-15T12:07:50.265Z, enabled=true]]]
2020-07-24 23:53:34 [http-nio-8080-exec-2] INFO  c.R.aspect.RedditCloneLoggingAspect -
				<=========in After ReturningAdvice calling method=======>SubredditController.getAllSubreddits()
2020-07-24 23:53:34 [http-nio-8080-exec-2] INFO  c.R.aspect.RedditCloneLoggingAspect -
				====>argument:<====<200 OK OK,[SubredditDto [subredditId=1, name=First Subreddit, description=this is my first subreddit, createdDate=10 days ago, user=rukesh], SubredditDto [subredditId=2, name=Second Subreddit, description=this is my second subreddit, createdDate=11 days ago, user=rukesh], SubredditDto [subredditId=3, name=Third Subreddit, description=this is my third subreddit, createdDate=12 days ago, user=rukesh], SubredditDto [subredditId=4, name=Fourth subreddit, description=this is my fourth subreddit, createdDate=8 days ago, user=rukesh], SubredditDto [subredditId=5, name=Rukesh subreddit, description=this is rukesh subreddit, createdDate=7 days ago, user=rukesh], SubredditDto [subredditId=7, name=nani subreddit, description=this is nani subreddit, createdDate=7 days ago, user=rukesh], SubredditDto [subredditId=8, name=Bhanu subreddit, description=Bhanu is nani subreddit, createdDate=7 days ago, user=rukesh], SubredditDto [subredditId=11, name=Prabas Subreddit, description=this is prabas subreddit created for Radha Syam Movie..., createdDate=5 days ago, user=rukesh], SubredditDto [subredditId=14, name=uv Creations subreddit, description=this is uv creations  subreddit..., createdDate=5 days ago, user=rukesh], SubredditDto [subredditId=15, name=RRR movie Subreddit, description=this is RRR movie subreddit, createdDate=5 days ago, user=rukesh], SubredditDto [subredditId=17, name=RADHE SYAM Subreddit, description=this is radhe syam subreddit..., createdDate=5 days ago, user=rukesh], SubredditDto [subredditId=19, name=Aswadhama Subreddit, description=This is NagaSowrya Aswadhama Subreddit, createdDate=5 days ago, user=rukesh], SubredditDto [subredditId=20, name=Tarak Subreddit, description=this is tarak subreddit, createdDate=5 days ago, user=rukesh], SubredditDto [subredditId=22, name=UNO Subreddit, description=this is uno subreddit, createdDate=4 days ago, user=rukesh], SubredditDto [subredditId=23, name=W.H.O Subreddit, description=this is W.H.O subreddit, createdDate=4 days ago, user=rukesh]],[]>
2020-07-24 23:53:34 [http-nio-8080-exec-1] INFO  c.R.aspect.RedditCloneLoggingAspect -
				<=========in After ReturningAdvice calling method=======>CommentRepository.findByPost(..)
2020-07-24 23:53:34 [http-nio-8080-exec-1] INFO  c.R.aspect.RedditCloneLoggingAspect -
				====>argument:<====[Comment [id=1, text=super, post=Post [postId=1, postname=First Post, url=www.google.com, description=this is my first post, voteCount=-1, user=User [userId=1, username=rukesh, password=$2a$10$SF5S4MU9ED3qcXQ1HRF6feY69KCWd0pmCMqTq8c6Y7WZO90nYAkea, email=tech.rukesh9999@gmail.com, createdDate=2020-07-15T12:07:50.265Z, enabled=true], createdDate=2020-02-01T18:30:00Z, subreddit=Subreddit [subredditId=1, name=First Subreddit, description=this is my first subreddit, posts=[], createdDate=2020-07-13T18:30:00Z, user=User [userId=1, username=rukesh, password=$2a$10$SF5S4MU9ED3qcXQ1HRF6feY69KCWd0pmCMqTq8c6Y7WZO90nYAkea, email=tech.rukesh9999@gmail.com, createdDate=2020-07-15T12:07:50.265Z, enabled=true]]], createdDate=2020-04-10T18:30:00Z, user=User [userId=1, username=rukesh, password=$2a$10$SF5S4MU9ED3qcXQ1HRF6feY69KCWd0pmCMqTq8c6Y7WZO90nYAkea, email=tech.rukesh9999@gmail.com, createdDate=2020-07-15T12:07:50.265Z, enabled=true]], Comment [id=16, text=nice..., post=Post [postId=1, postname=First Post, url=www.google.com, description=this is my first post, voteCount=-1, user=User [userId=1, username=rukesh, password=$2a$10$SF5S4MU9ED3qcXQ1HRF6feY69KCWd0pmCMqTq8c6Y7WZO90nYAkea, email=tech.rukesh9999@gmail.com, createdDate=2020-07-15T12:07:50.265Z, enabled=true], createdDate=2020-02-01T18:30:00Z, subreddit=Subreddit [subredditId=1, name=First Subreddit, description=this is my first subreddit, posts=[], createdDate=2020-07-13T18:30:00Z, user=User [userId=1, username=rukesh, password=$2a$10$SF5S4MU9ED3qcXQ1HRF6feY69KCWd0pmCMqTq8c6Y7WZO90nYAkea, email=tech.rukesh9999@gmail.com, createdDate=2020-07-15T12:07:50.265Z, enabled=true]]], createdDate=2020-07-21T16:39:29.858Z, user=User [userId=7, username=nani, password=$2a$10$nD4kJuGyO7T5wAIKElLuOO8CEYDXaUXfLzO9mhpHn6OXd0U6rjMz6, email=tech.rukesh9999@gmail.com, createdDate=2020-07-20T06:27:05.202Z, enabled=true]], Comment [id=17, text=good.., post=Post [postId=1, postname=First Post, url=www.google.com, description=this is my first post, voteCount=-1, user=User [userId=1, username=rukesh, password=$2a$10$SF5S4MU9ED3qcXQ1HRF6feY69KCWd0pmCMqTq8c6Y7WZO90nYAkea, email=tech.rukesh9999@gmail.com, createdDate=2020-07-15T12:07:50.265Z, enabled=true], createdDate=2020-02-01T18:30:00Z, subreddit=Subreddit [subredditId=1, name=First Subreddit, description=this is my first subreddit, posts=[], createdDate=2020-07-13T18:30:00Z, user=User [userId=1, username=rukesh, password=$2a$10$SF5S4MU9ED3qcXQ1HRF6feY69KCWd0pmCMqTq8c6Y7WZO90nYAkea, email=tech.rukesh9999@gmail.com, createdDate=2020-07-15T12:07:50.265Z, enabled=true]]], createdDate=2020-07-21T16:39:44.879Z, user=User [userId=7, username=nani, password=$2a$10$nD4kJuGyO7T5wAIKElLuOO8CEYDXaUXfLzO9mhpHn6OXd0U6rjMz6, email=tech.rukesh9999@gmail.com, createdDate=2020-07-20T06:27:05.202Z, enabled=true]], Comment [id=18, text=woow..., post=Post [postId=1, postname=First Post, url=www.google.com, description=this is my first post, voteCount=-1, user=User [userId=1, username=rukesh, password=$2a$10$SF5S4MU9ED3qcXQ1HRF6feY69KCWd0pmCMqTq8c6Y7WZO90nYAkea, email=tech.rukesh9999@gmail.com, createdDate=2020-07-15T12:07:50.265Z, enabled=true], createdDate=2020-02-01T18:30:00Z, subreddit=Subreddit [subredditId=1, name=First Subreddit, description=this is my first subreddit, posts=[], createdDate=2020-07-13T18:30:00Z, user=User [userId=1, username=rukesh, password=$2a$10$SF5S4MU9ED3qcXQ1HRF6feY69KCWd0pmCMqTq8c6Y7WZO90nYAkea, email=tech.rukesh9999@gmail.com, createdDate=2020-07-15T12:07:50.265Z, enabled=true]]], createdDate=2020-07-21T16:39:53.810Z, user=User [userId=7, username=nani, password=$2a$10$nD4kJuGyO7T5wAIKElLuOO8CEYDXaUXfLzO9mhpHn6OXd0U6rjMz6, email=tech.rukesh9999@gmail.com, createdDate=2020-07-20T06:27:05.202Z, enabled=true]], Comment [id=19, text=hii, post=Post [postId=1, postname=First Post, url=www.google.com, description=this is my first post, voteCount=-1, user=User [userId=1, username=rukesh, password=$2a$10$SF5S4MU9ED3qcXQ1HRF6feY69KCWd0pmCMqTq8c6Y7WZO90nYAkea, email=tech.rukesh9999@gmail.com, createdDate=2020-07-15T12:07:50.265Z, enabled=true], createdDate=2020-02-01T18:30:00Z, subreddit=Subreddit [subredditId=1, name=First Subreddit, description=this is my first subreddit, posts=[], createdDate=2020-07-13T18:30:00Z, user=User [userId=1, username=rukesh, password=$2a$10$SF5S4MU9ED3qcXQ1HRF6feY69KCWd0pmCMqTq8c6Y7WZO90nYAkea, email=tech.rukesh9999@gmail.com, createdDate=2020-07-15T12:07:50.265Z, enabled=true]]], createdDate=2020-07-21T16:41:16.938Z, user=User [userId=7, username=nani, password=$2a$10$nD4kJuGyO7T5wAIKElLuOO8CEYDXaUXfLzO9mhpHn6OXd0U6rjMz6, email=tech.rukesh9999@gmail.com, createdDate=2020-07-20T06:27:05.202Z, enabled=true]], Comment [id=20, text=nice rukesh.., post=Post [postId=1, postname=First Post, url=www.google.com, description=this is my first post, voteCount=-1, user=User [userId=1, username=rukesh, password=$2a$10$SF5S4MU9ED3qcXQ1HRF6feY69KCWd0pmCMqTq8c6Y7WZO90nYAkea, email=tech.rukesh9999@gmail.com, createdDate=2020-07-15T12:07:50.265Z, enabled=true], createdDate=2020-02-01T18:30:00Z, subreddit=Subreddit [subredditId=1, name=First Subreddit, description=this is my first subreddit, posts=[], createdDate=2020-07-13T18:30:00Z, user=User [userId=1, username=rukesh, password=$2a$10$SF5S4MU9ED3qcXQ1HRF6feY69KCWd0pmCMqTq8c6Y7WZO90nYAkea, email=tech.rukesh9999@gmail.com, createdDate=2020-07-15T12:07:50.265Z, enabled=true]]], createdDate=2020-07-21T16:41:32.720Z, user=User [userId=7, username=nani, password=$2a$10$nD4kJuGyO7T5wAIKElLuOO8CEYDXaUXfLzO9mhpHn6OXd0U6rjMz6, email=tech.rukesh9999@gmail.com, createdDate=2020-07-20T06:27:05.202Z, enabled=true]], Comment [id=21, text=super...ruki, post=Post [postId=1, postname=First Post, url=www.google.com, description=this is my first post, voteCount=-1, user=User [userId=1, username=rukesh, password=$2a$10$SF5S4MU9ED3qcXQ1HRF6feY69KCWd0pmCMqTq8c6Y7WZO90nYAkea, email=tech.rukesh9999@gmail.com, createdDate=2020-07-15T12:07:50.265Z, enabled=true], createdDate=2020-02-01T18:30:00Z, subreddit=Subreddit [subredditId=1, name=First Subreddit, description=this is my first subreddit, posts=[], createdDate=2020-07-13T18:30:00Z, user=User [userId=1, username=rukesh, password=$2a$10$SF5S4MU9ED3qcXQ1HRF6feY69KCWd0pmCMqTq8c6Y7WZO90nYAkea, email=tech.rukesh9999@gmail.com, createdDate=2020-07-15T12:07:50.265Z, enabled=true]]], createdDate=2020-07-21T16:41:45.996Z, user=User [userId=7, username=nani, password=$2a$10$nD4kJuGyO7T5wAIKElLuOO8CEYDXaUXfLzO9mhpHn6OXd0U6rjMz6, email=tech.rukesh9999@gmail.com, createdDate=2020-07-20T06:27:05.202Z, enabled=true]]]
2020-07-24 23:53:34 [http-nio-8080-exec-1] INFO  c.R.aspect.RedditCloneLoggingAspect -
				<================in BeforeAdvice Calling method================>CommentRepository.findByPost(..)
2020-07-24 23:53:34 [http-nio-8080-exec-1] INFO  c.R.aspect.RedditCloneLoggingAspect -
				====>argument:Post [postId=2, postname=Second post, url=www.fb.com, description=this is my second post, voteCount=2, user=User [userId=1, username=rukesh, password=$2a$10$SF5S4MU9ED3qcXQ1HRF6feY69KCWd0pmCMqTq8c6Y7WZO90nYAkea, email=tech.rukesh9999@gmail.com, createdDate=2020-07-15T12:07:50.265Z, enabled=true], createdDate=2020-04-23T18:30:00Z, subreddit=Subreddit [subredditId=1, name=First Subreddit, description=this is my first subreddit, posts=[], createdDate=2020-07-13T18:30:00Z, user=User [userId=1, username=rukesh, password=$2a$10$SF5S4MU9ED3qcXQ1HRF6feY69KCWd0pmCMqTq8c6Y7WZO90nYAkea, email=tech.rukesh9999@gmail.com, createdDate=2020-07-15T12:07:50.265Z, enabled=true]]]
2020-07-24 23:53:34 [http-nio-8080-exec-1] INFO  c.R.aspect.RedditCloneLoggingAspect -
				<=========in After ReturningAdvice calling method=======>CommentRepository.findByPost(..)
2020-07-24 23:53:34 [http-nio-8080-exec-1] INFO  c.R.aspect.RedditCloneLoggingAspect -
				====>argument:<====[Comment [id=3, text=nice.., post=Post [postId=2, postname=Second post, url=www.fb.com, description=this is my second post, voteCount=2, user=User [userId=1, username=rukesh, password=$2a$10$SF5S4MU9ED3qcXQ1HRF6feY69KCWd0pmCMqTq8c6Y7WZO90nYAkea, email=tech.rukesh9999@gmail.com, createdDate=2020-07-15T12:07:50.265Z, enabled=true], createdDate=2020-04-23T18:30:00Z, subreddit=Subreddit [subredditId=1, name=First Subreddit, description=this is my first subreddit, posts=[], createdDate=2020-07-13T18:30:00Z, user=User [userId=1, username=rukesh, password=$2a$10$SF5S4MU9ED3qcXQ1HRF6feY69KCWd0pmCMqTq8c6Y7WZO90nYAkea, email=tech.rukesh9999@gmail.com, createdDate=2020-07-15T12:07:50.265Z, enabled=true]]], createdDate=2020-07-17T10:49:02.703Z, user=User [userId=1, username=rukesh, password=$2a$10$SF5S4MU9ED3qcXQ1HRF6feY69KCWd0pmCMqTq8c6Y7WZO90nYAkea, email=tech.rukesh9999@gmail.com, createdDate=2020-07-15T12:07:50.265Z, enabled=true]]]
2020-07-24 23:53:34 [http-nio-8080-exec-1] INFO  c.R.aspect.RedditCloneLoggingAspect -
				<================in BeforeAdvice Calling method================>CommentRepository.findByPost(..)
2020-07-24 23:53:34 [http-nio-8080-exec-1] INFO  c.R.aspect.RedditCloneLoggingAspect -
				====>argument:Post [postId=3, postname=Third Post, url=www.goib.com, description=this is my third  post, voteCount=1, user=User [userId=1, username=rukesh, password=$2a$10$SF5S4MU9ED3qcXQ1HRF6feY69KCWd0pmCMqTq8c6Y7WZO90nYAkea, email=tech.rukesh9999@gmail.com, createdDate=2020-07-15T12:07:50.265Z, enabled=true], createdDate=2020-07-15T18:30:00Z, subreddit=Subreddit [subredditId=1, name=First Subreddit, description=this is my first subreddit, posts=[], createdDate=2020-07-13T18:30:00Z, user=User [userId=1, username=rukesh, password=$2a$10$SF5S4MU9ED3qcXQ1HRF6feY69KCWd0pmCMqTq8c6Y7WZO90nYAkea, email=tech.rukesh9999@gmail.com, createdDate=2020-07-15T12:07:50.265Z, enabled=true]]]
2020-07-24 23:53:34 [http-nio-8080-exec-1] INFO  c.R.aspect.RedditCloneLoggingAspect -
				<=========in After ReturningAdvice calling method=======>CommentRepository.findByPost(..)
2020-07-24 23:53:34 [http-nio-8080-exec-1] INFO  c.R.aspect.RedditCloneLoggingAspect -
				====>argument:<====[]
2020-07-24 23:53:34 [http-nio-8080-exec-1] INFO  c.R.aspect.RedditCloneLoggingAspect -
				<================in BeforeAdvice Calling method================>CommentRepository.findByPost(..)
2020-07-24 23:53:34 [http-nio-8080-exec-1] INFO  c.R.aspect.RedditCloneLoggingAspect -
				====>argument:Post [postId=4, postname=post from postman, url=www.postman.com, description=this is postman client post, voteCount=2, user=User [userId=1, username=rukesh, password=$2a$10$SF5S4MU9ED3qcXQ1HRF6feY69KCWd0pmCMqTq8c6Y7WZO90nYAkea, email=tech.rukesh9999@gmail.com, createdDate=2020-07-15T12:07:50.265Z, enabled=true], createdDate=2020-07-17T10:42:55.880Z, subreddit=Subreddit [subredditId=7, name=nani subreddit, description=this is nani subreddit, posts=[], createdDate=2020-07-17T10:19:36.039Z, user=User [userId=1, username=rukesh, password=$2a$10$SF5S4MU9ED3qcXQ1HRF6feY69KCWd0pmCMqTq8c6Y7WZO90nYAkea, email=tech.rukesh9999@gmail.com, createdDate=2020-07-15T12:07:50.265Z, enabled=true]]]
2020-07-24 23:53:34 [http-nio-8080-exec-1] INFO  c.R.aspect.RedditCloneLoggingAspect -
				<=========in After ReturningAdvice calling method=======>CommentRepository.findByPost(..)
2020-07-24 23:53:34 [http-nio-8080-exec-1] INFO  c.R.aspect.RedditCloneLoggingAspect -
				====>argument:<====[]
2020-07-24 23:53:34 [http-nio-8080-exec-1] INFO  c.R.aspect.RedditCloneLoggingAspect -
				<================in BeforeAdvice Calling method================>CommentRepository.findByPost(..)
2020-07-24 23:53:34 [http-nio-8080-exec-1] INFO  c.R.aspect.RedditCloneLoggingAspect -
				====>argument:Post [postId=5, postname=nani post from postman, url=www.fb.com, description=this is nani post, voteCount=1, user=User [userId=1, username=rukesh, password=$2a$10$SF5S4MU9ED3qcXQ1HRF6feY69KCWd0pmCMqTq8c6Y7WZO90nYAkea, email=tech.rukesh9999@gmail.com, createdDate=2020-07-15T12:07:50.265Z, enabled=true], createdDate=2020-07-17T10:44:26.523Z, subreddit=Subreddit [subredditId=7, name=nani subreddit, description=this is nani subreddit, posts=[], createdDate=2020-07-17T10:19:36.039Z, user=User [userId=1, username=rukesh, password=$2a$10$SF5S4MU9ED3qcXQ1HRF6feY69KCWd0pmCMqTq8c6Y7WZO90nYAkea, email=tech.rukesh9999@gmail.com, createdDate=2020-07-15T12:07:50.265Z, enabled=true]]]
2020-07-24 23:53:34 [http-nio-8080-exec-1] INFO  c.R.aspect.RedditCloneLoggingAspect -
				<=========in After ReturningAdvice calling method=======>CommentRepository.findByPost(..)
2020-07-24 23:53:34 [http-nio-8080-exec-1] INFO  c.R.aspect.RedditCloneLoggingAspect -
				====>argument:<====[]
2020-07-24 23:53:34 [http-nio-8080-exec-1] INFO  c.R.aspect.RedditCloneLoggingAspect -
				<================in BeforeAdvice Calling method================>CommentRepository.findByPost(..)
2020-07-24 23:53:34 [http-nio-8080-exec-1] INFO  c.R.aspect.RedditCloneLoggingAspect -
				====>argument:Post [postId=6, postname=roopa post from postman, url=www.fb.com, description=this is roopa post, voteCount=1, user=User [userId=1, username=rukesh, password=$2a$10$SF5S4MU9ED3qcXQ1HRF6feY69KCWd0pmCMqTq8c6Y7WZO90nYAkea, email=tech.rukesh9999@gmail.com, createdDate=2020-07-15T12:07:50.265Z, enabled=true], createdDate=2020-07-17T10:58:38.034Z, subreddit=Subreddit [subredditId=7, name=nani subreddit, description=this is nani subreddit, posts=[], createdDate=2020-07-17T10:19:36.039Z, user=User [userId=1, username=rukesh, password=$2a$10$SF5S4MU9ED3qcXQ1HRF6feY69KCWd0pmCMqTq8c6Y7WZO90nYAkea, email=tech.rukesh9999@gmail.com, createdDate=2020-07-15T12:07:50.265Z, enabled=true]]]
2020-07-24 23:53:34 [http-nio-8080-exec-1] INFO  c.R.aspect.RedditCloneLoggingAspect -
				<=========in After ReturningAdvice calling method=======>CommentRepository.findByPost(..)
2020-07-24 23:53:34 [http-nio-8080-exec-1] INFO  c.R.aspect.RedditCloneLoggingAspect -
				====>argument:<====[]
2020-07-24 23:53:34 [http-nio-8080-exec-1] INFO  c.R.aspect.RedditCloneLoggingAspect -
				<================in BeforeAdvice Calling method================>CommentRepository.findByPost(..)
2020-07-24 23:53:34 [http-nio-8080-exec-1] INFO  c.R.aspect.RedditCloneLoggingAspect -
				====>argument:Post [postId=7, postname=icc, url=www.icc.com, description=<p><strong>india vs australia series 2020&nbsp;</strong></p>
<h4><strong>is conducted in <span style="background-color: #2dc26b;">november&nbsp; &nbsp;</span></strong></h4>
<p>pleasse register on or before ...oct 12</p>
<p>&nbsp; &nbsp; &nbsp; &nbsp;yours faithfully,</p>
<p>&nbsp; &nbsp; &nbsp; <strong>ICC</strong></p>, voteCount=2, user=User [userId=1, username=rukesh, password=$2a$10$SF5S4MU9ED3qcXQ1HRF6feY69KCWd0pmCMqTq8c6Y7WZO90nYAkea, email=tech.rukesh9999@gmail.com, createdDate=2020-07-15T12:07:50.265Z, enabled=true], createdDate=2020-07-18T07:06:20.294Z, subreddit=Subreddit [subredditId=5, name=Rukesh subreddit, description=this is rukesh subreddit, posts=[], createdDate=2020-07-17T10:15:42.728Z, user=User [userId=1, username=rukesh, password=$2a$10$SF5S4MU9ED3qcXQ1HRF6feY69KCWd0pmCMqTq8c6Y7WZO90nYAkea, email=tech.rukesh9999@gmail.com, createdDate=2020-07-15T12:07:50.265Z, enabled=true]]]
2020-07-24 23:53:34 [http-nio-8080-exec-1] INFO  c.R.aspect.RedditCloneLoggingAspect -
				<=========in After ReturningAdvice calling method=======>CommentRepository.findByPost(..)
2020-07-24 23:53:34 [http-nio-8080-exec-1] INFO  c.R.aspect.RedditCloneLoggingAspect -
				====>argument:<====[]
2020-07-24 23:53:34 [http-nio-8080-exec-1] INFO  c.R.aspect.RedditCloneLoggingAspect -
				<================in BeforeAdvice Calling method================>CommentRepository.findByPost(..)
2020-07-24 23:53:34 [http-nio-8080-exec-1] INFO  c.R.aspect.RedditCloneLoggingAspect -
				====>argument:Post [postId=8, postname=uv Creations , url=www.uv creations , description=, voteCount=2, user=User [userId=1, username=rukesh, password=$2a$10$SF5S4MU9ED3qcXQ1HRF6feY69KCWd0pmCMqTq8c6Y7WZO90nYAkea, email=tech.rukesh9999@gmail.com, createdDate=2020-07-15T12:07:50.265Z, enabled=true], createdDate=2020-07-19T11:33:35.431Z, subreddit=Subreddit [subredditId=11, name=Prabas Subreddit, description=this is prabas subreddit created for Radha Syam Movie..., posts=[], createdDate=2020-07-19T11:29:43.705Z, user=User [userId=1, username=rukesh, password=$2a$10$SF5S4MU9ED3qcXQ1HRF6feY69KCWd0pmCMqTq8c6Y7WZO90nYAkea, email=tech.rukesh9999@gmail.com, createdDate=2020-07-15T12:07:50.265Z, enabled=true]]]
2020-07-24 23:53:34 [http-nio-8080-exec-1] INFO  c.R.aspect.RedditCloneLoggingAspect -
				<=========in After ReturningAdvice calling method=======>CommentRepository.findByPost(..)
2020-07-24 23:53:34 [http-nio-8080-exec-1] INFO  c.R.aspect.RedditCloneLoggingAspect -
				====>argument:<====[]
2020-07-24 23:53:34 [http-nio-8080-exec-1] INFO  c.R.aspect.RedditCloneLoggingAspect -
				<================in BeforeAdvice Calling method================>CommentRepository.findByPost(..)
2020-07-24 23:53:34 [http-nio-8080-exec-1] INFO  c.R.aspect.RedditCloneLoggingAspect -
				====>argument:Post [postId=9, postname=Tarak@9999, url=www.tarak9999.com, description=, voteCount=1, user=User [userId=1, username=rukesh, password=$2a$10$SF5S4MU9ED3qcXQ1HRF6feY69KCWd0pmCMqTq8c6Y7WZO90nYAkea, email=tech.rukesh9999@gmail.com, createdDate=2020-07-15T12:07:50.265Z, enabled=true], createdDate=2020-07-19T11:57:30.822Z, subreddit=Subreddit [subredditId=20, name=Tarak Subreddit, description=this is tarak subreddit, posts=[], createdDate=2020-07-19T11:56:58.659Z, user=User [userId=1, username=rukesh, password=$2a$10$SF5S4MU9ED3qcXQ1HRF6feY69KCWd0pmCMqTq8c6Y7WZO90nYAkea, email=tech.rukesh9999@gmail.com, createdDate=2020-07-15T12:07:50.265Z, enabled=true]]]
2020-07-24 23:53:34 [http-nio-8080-exec-1] INFO  c.R.aspect.RedditCloneLoggingAspect -
				<=========in After ReturningAdvice calling method=======>CommentRepository.findByPost(..)
2020-07-24 23:53:34 [http-nio-8080-exec-1] INFO  c.R.aspect.RedditCloneLoggingAspect -
				====>argument:<====[]
2020-07-24 23:53:34 [http-nio-8080-exec-1] INFO  c.R.aspect.RedditCloneLoggingAspect -
				<================in BeforeAdvice Calling method================>CommentRepository.findByPost(..)
2020-07-24 23:53:34 [http-nio-8080-exec-1] INFO  c.R.aspect.RedditCloneLoggingAspect -
				====>argument:Post [postId=10, postname=corona virus, url=www.who.org, description=<p>follow the guildlines providded by the W.H.O to avoid from corona virus...</p>, voteCount=1, user=User [userId=1, username=rukesh, password=$2a$10$SF5S4MU9ED3qcXQ1HRF6feY69KCWd0pmCMqTq8c6Y7WZO90nYAkea, email=tech.rukesh9999@gmail.com, createdDate=2020-07-15T12:07:50.265Z, enabled=true], createdDate=2020-07-20T05:55:50.121Z, subreddit=Subreddit [subredditId=3, name=Third Subreddit, description=this is my third subreddit, posts=[], createdDate=2020-07-11T18:30:00Z, user=User [userId=1, username=rukesh, password=$2a$10$SF5S4MU9ED3qcXQ1HRF6feY69KCWd0pmCMqTq8c6Y7WZO90nYAkea, email=tech.rukesh9999@gmail.com, createdDate=2020-07-15T12:07:50.265Z, enabled=true]]]
2020-07-24 23:53:34 [http-nio-8080-exec-1] INFO  c.R.aspect.RedditCloneLoggingAspect -
				<=========in After ReturningAdvice calling method=======>CommentRepository.findByPost(..)
2020-07-24 23:53:34 [http-nio-8080-exec-1] INFO  c.R.aspect.RedditCloneLoggingAspect -
				====>argument:<====[]
2020-07-24 23:53:34 [http-nio-8080-exec-1] INFO  c.R.aspect.RedditCloneLoggingAspect -
				<================in BeforeAdvice Calling method================>CommentRepository.findByPost(..)
2020-07-24 23:53:34 [http-nio-8080-exec-1] INFO  c.R.aspect.RedditCloneLoggingAspect -
				====>argument:Post [postId=11, postname=WHO, url=www.who.org, description=<p>please takes care of yours ....</p>, voteCount=-2, user=User [userId=1, username=rukesh, password=$2a$10$SF5S4MU9ED3qcXQ1HRF6feY69KCWd0pmCMqTq8c6Y7WZO90nYAkea, email=tech.rukesh9999@gmail.com, createdDate=2020-07-15T12:07:50.265Z, enabled=true], createdDate=2020-07-20T06:02:32.498Z, subreddit=Subreddit [subredditId=11, name=Prabas Subreddit, description=this is prabas subreddit created for Radha Syam Movie..., posts=[], createdDate=2020-07-19T11:29:43.705Z, user=User [userId=1, username=rukesh, password=$2a$10$SF5S4MU9ED3qcXQ1HRF6feY69KCWd0pmCMqTq8c6Y7WZO90nYAkea, email=tech.rukesh9999@gmail.com, createdDate=2020-07-15T12:07:50.265Z, enabled=true]]]
2020-07-24 23:53:34 [http-nio-8080-exec-1] INFO  c.R.aspect.RedditCloneLoggingAspect -
				<=========in After ReturningAdvice calling method=======>CommentRepository.findByPost(..)
2020-07-24 23:53:34 [http-nio-8080-exec-1] INFO  c.R.aspect.RedditCloneLoggingAspect -
				====>argument:<====[]
2020-07-24 23:53:34 [http-nio-8080-exec-1] INFO  c.R.aspect.RedditCloneLoggingAspect -
				<================in BeforeAdvice Calling method================>CommentRepository.findByPost(..)
2020-07-24 23:53:34 [http-nio-8080-exec-1] INFO  c.R.aspect.RedditCloneLoggingAspect -
				====>argument:Post [postId=12, postname=UNO, url=www.uno.org, description=<p>please maintain peace all over the world....</p>, voteCount=1, user=User [userId=1, username=rukesh, password=$2a$10$SF5S4MU9ED3qcXQ1HRF6feY69KCWd0pmCMqTq8c6Y7WZO90nYAkea, email=tech.rukesh9999@gmail.com, createdDate=2020-07-15T12:07:50.265Z, enabled=true], createdDate=2020-07-20T06:23:26.024Z, subreddit=Subreddit [subredditId=22, name=UNO Subreddit, description=this is uno subreddit, posts=[], createdDate=2020-07-20T06:22:38.556Z, user=User [userId=1, username=rukesh, password=$2a$10$SF5S4MU9ED3qcXQ1HRF6feY69KCWd0pmCMqTq8c6Y7WZO90nYAkea, email=tech.rukesh9999@gmail.com, createdDate=2020-07-15T12:07:50.265Z, enabled=true]]]
2020-07-24 23:53:34 [http-nio-8080-exec-1] INFO  c.R.aspect.RedditCloneLoggingAspect -
				<=========in After ReturningAdvice calling method=======>CommentRepository.findByPost(..)
2020-07-24 23:53:34 [http-nio-8080-exec-1] INFO  c.R.aspect.RedditCloneLoggingAspect -
				====>argument:<====[]
2020-07-24 23:53:34 [http-nio-8080-exec-1] INFO  c.R.aspect.RedditCloneLoggingAspect -
				<================in BeforeAdvice Calling method================>CommentRepository.findByPost(..)
2020-07-24 23:53:34 [http-nio-8080-exec-1] INFO  c.R.aspect.RedditCloneLoggingAspect -
				====>argument:Post [postId=13, postname=viral fevers, url=www.who.org, description=<p>please take care of every one...</p>, voteCount=1, user=User [userId=1, username=rukesh, password=$2a$10$SF5S4MU9ED3qcXQ1HRF6feY69KCWd0pmCMqTq8c6Y7WZO90nYAkea, email=tech.rukesh9999@gmail.com, createdDate=2020-07-15T12:07:50.265Z, enabled=true], createdDate=2020-07-20T06:25:54.236Z, subreddit=Subreddit [subredditId=23, name=W.H.O Subreddit, description=this is W.H.O subreddit, posts=[], createdDate=2020-07-20T06:24:48.397Z, user=User [userId=1, username=rukesh, password=$2a$10$SF5S4MU9ED3qcXQ1HRF6feY69KCWd0pmCMqTq8c6Y7WZO90nYAkea, email=tech.rukesh9999@gmail.com, createdDate=2020-07-15T12:07:50.265Z, enabled=true]]]
2020-07-24 23:53:34 [http-nio-8080-exec-1] INFO  c.R.aspect.RedditCloneLoggingAspect -
				<=========in After ReturningAdvice calling method=======>CommentRepository.findByPost(..)
2020-07-24 23:53:34 [http-nio-8080-exec-1] INFO  c.R.aspect.RedditCloneLoggingAspect -
				====>argument:<====[]
2020-07-24 23:53:34 [http-nio-8080-exec-1] INFO  c.R.aspect.RedditCloneLoggingAspect -
				<================in BeforeAdvice Calling method================>CommentRepository.findByPost(..)
2020-07-24 23:53:34 [http-nio-8080-exec-1] INFO  c.R.aspect.RedditCloneLoggingAspect -
				====>argument:Post [postId=20, postname=second post, url=www.sec.com, description=<p>this is second post</p>, voteCount=0, user=User [userId=7, username=nani, password=$2a$10$nD4kJuGyO7T5wAIKElLuOO8CEYDXaUXfLzO9mhpHn6OXd0U6rjMz6, email=tech.rukesh9999@gmail.com, createdDate=2020-07-20T06:27:05.202Z, enabled=true], createdDate=2020-07-21T11:59:36.475Z, subreddit=Subreddit [subredditId=2, name=Second Subreddit, description=this is my second subreddit, posts=[], createdDate=2020-07-12T18:30:00Z, user=User [userId=1, username=rukesh, password=$2a$10$SF5S4MU9ED3qcXQ1HRF6feY69KCWd0pmCMqTq8c6Y7WZO90nYAkea, email=tech.rukesh9999@gmail.com, createdDate=2020-07-15T12:07:50.265Z, enabled=true]]]
2020-07-24 23:53:34 [http-nio-8080-exec-1] INFO  c.R.aspect.RedditCloneLoggingAspect -
				<=========in After ReturningAdvice calling method=======>CommentRepository.findByPost(..)
2020-07-24 23:53:34 [http-nio-8080-exec-1] INFO  c.R.aspect.RedditCloneLoggingAspect -
				====>argument:<====[]
2020-07-24 23:53:34 [http-nio-8080-exec-1] INFO  c.R.aspect.RedditCloneLoggingAspect -
				<=========in After ReturningAdvice calling method=======>PostService.getAllPosts()
2020-07-24 23:53:34 [http-nio-8080-exec-1] INFO  c.R.aspect.RedditCloneLoggingAspect -
				====>argument:<====[PostResponse [postId=1, postName=First Post, url=www.google.com, description=this is my first post, userName=rukesh, subredditName=First Subreddit, voteCount=-1, commentCount=7, duration=5 months ago, upVote=false, downVote=false], PostResponse [postId=2, postName=Second post, url=www.fb.com, description=this is my second post, userName=rukesh, subredditName=First Subreddit, voteCount=2, commentCount=1, duration=3 months ago, upVote=false, downVote=false], PostResponse [postId=3, postName=Third Post, url=www.goib.com, description=this is my third  post, userName=rukesh, subredditName=First Subreddit, voteCount=1, commentCount=0, duration=8 days ago, upVote=false, downVote=false], PostResponse [postId=4, postName=post from postman, url=www.postman.com, description=this is postman client post, userName=rukesh, subredditName=nani subreddit, voteCount=2, commentCount=0, duration=7 days ago, upVote=false, downVote=false], PostResponse [postId=5, postName=nani post from postman, url=www.fb.com, description=this is nani post, userName=rukesh, subredditName=nani subreddit, voteCount=1, commentCount=0, duration=7 days ago, upVote=false, downVote=false], PostResponse [postId=6, postName=roopa post from postman, url=www.fb.com, description=this is roopa post, userName=rukesh, subredditName=nani subreddit, voteCount=1, commentCount=0, duration=7 days ago, upVote=false, downVote=false], PostResponse [postId=7, postName=icc, url=www.icc.com, description=<p><strong>india vs australia series 2020&nbsp;</strong></p>
<h4><strong>is conducted in <span style="background-color: #2dc26b;">november&nbsp; &nbsp;</span></strong></h4>
<p>pleasse register on or before ...oct 12</p>
<p>&nbsp; &nbsp; &nbsp; &nbsp;yours faithfully,</p>
<p>&nbsp; &nbsp; &nbsp; <strong>ICC</strong></p>, userName=rukesh, subredditName=Rukesh subreddit, voteCount=2, commentCount=0, duration=6 days ago, upVote=false, downVote=false], PostResponse [postId=8, postName=uv Creations , url=www.uv creations , description=, userName=rukesh, subredditName=Prabas Subreddit, voteCount=2, commentCount=0, duration=5 days ago, upVote=false, downVote=false], PostResponse [postId=9, postName=Tarak@9999, url=www.tarak9999.com, description=, userName=rukesh, subredditName=Tarak Subreddit, voteCount=1, commentCount=0, duration=5 days ago, upVote=false, downVote=false], PostResponse [postId=10, postName=corona virus, url=www.who.org, description=<p>follow the guildlines providded by the W.H.O to avoid from corona virus...</p>, userName=rukesh, subredditName=Third Subreddit, voteCount=1, commentCount=0, duration=4 days ago, upVote=false, downVote=false], PostResponse [postId=11, postName=WHO, url=www.who.org, description=<p>please takes care of yours ....</p>, userName=rukesh, subredditName=Prabas Subreddit, voteCount=-2, commentCount=0, duration=4 days ago, upVote=false, downVote=false], PostResponse [postId=12, postName=UNO, url=www.uno.org, description=<p>please maintain peace all over the world....</p>, userName=rukesh, subredditName=UNO Subreddit, voteCount=1, commentCount=0, duration=4 days ago, upVote=false, downVote=false], PostResponse [postId=13, postName=viral fevers, url=www.who.org, description=<p>please take care of every one...</p>, userName=rukesh, subredditName=W.H.O Subreddit, voteCount=1, commentCount=0, duration=4 days ago, upVote=false, downVote=false], PostResponse [postId=20, postName=second post, url=www.sec.com, description=<p>this is second post</p>, userName=nani, subredditName=Second Subreddit, voteCount=0, commentCount=0, duration=3 days ago, upVote=false, downVote=false]]
2020-07-24 23:53:34 [http-nio-8080-exec-1] INFO  c.R.aspect.RedditCloneLoggingAspect -
				<=========in After ReturningAdvice calling method=======>PostController.getAllPosts()
2020-07-24 23:53:34 [http-nio-8080-exec-1] INFO  c.R.aspect.RedditCloneLoggingAspect -
				====>argument:<====<200 OK OK,[PostResponse [postId=1, postName=First Post, url=www.google.com, description=this is my first post, userName=rukesh, subredditName=First Subreddit, voteCount=-1, commentCount=7, duration=5 months ago, upVote=false, downVote=false], PostResponse [postId=2, postName=Second post, url=www.fb.com, description=this is my second post, userName=rukesh, subredditName=First Subreddit, voteCount=2, commentCount=1, duration=3 months ago, upVote=false, downVote=false], PostResponse [postId=3, postName=Third Post, url=www.goib.com, description=this is my third  post, userName=rukesh, subredditName=First Subreddit, voteCount=1, commentCount=0, duration=8 days ago, upVote=false, downVote=false], PostResponse [postId=4, postName=post from postman, url=www.postman.com, description=this is postman client post, userName=rukesh, subredditName=nani subreddit, voteCount=2, commentCount=0, duration=7 days ago, upVote=false, downVote=false], PostResponse [postId=5, postName=nani post from postman, url=www.fb.com, description=this is nani post, userName=rukesh, subredditName=nani subreddit, voteCount=1, commentCount=0, duration=7 days ago, upVote=false, downVote=false], PostResponse [postId=6, postName=roopa post from postman, url=www.fb.com, description=this is roopa post, userName=rukesh, subredditName=nani subreddit, voteCount=1, commentCount=0, duration=7 days ago, upVote=false, downVote=false], PostResponse [postId=7, postName=icc, url=www.icc.com, description=<p><strong>india vs australia series 2020&nbsp;</strong></p>
<h4><strong>is conducted in <span style="background-color: #2dc26b;">november&nbsp; &nbsp;</span></strong></h4>
<p>pleasse register on or before ...oct 12</p>
<p>&nbsp; &nbsp; &nbsp; &nbsp;yours faithfully,</p>
<p>&nbsp; &nbsp; &nbsp; <strong>ICC</strong></p>, userName=rukesh, subredditName=Rukesh subreddit, voteCount=2, commentCount=0, duration=6 days ago, upVote=false, downVote=false], PostResponse [postId=8, postName=uv Creations , url=www.uv creations , description=, userName=rukesh, subredditName=Prabas Subreddit, voteCount=2, commentCount=0, duration=5 days ago, upVote=false, downVote=false], PostResponse [postId=9, postName=Tarak@9999, url=www.tarak9999.com, description=, userName=rukesh, subredditName=Tarak Subreddit, voteCount=1, commentCount=0, duration=5 days ago, upVote=false, downVote=false], PostResponse [postId=10, postName=corona virus, url=www.who.org, description=<p>follow the guildlines providded by the W.H.O to avoid from corona virus...</p>, userName=rukesh, subredditName=Third Subreddit, voteCount=1, commentCount=0, duration=4 days ago, upVote=false, downVote=false], PostResponse [postId=11, postName=WHO, url=www.who.org, description=<p>please takes care of yours ....</p>, userName=rukesh, subredditName=Prabas Subreddit, voteCount=-2, commentCount=0, duration=4 days ago, upVote=false, downVote=false], PostResponse [postId=12, postName=UNO, url=www.uno.org, description=<p>please maintain peace all over the world....</p>, userName=rukesh, subredditName=UNO Subreddit, voteCount=1, commentCount=0, duration=4 days ago, upVote=false, downVote=false], PostResponse [postId=13, postName=viral fevers, url=www.who.org, description=<p>please take care of every one...</p>, userName=rukesh, subredditName=W.H.O Subreddit, voteCount=1, commentCount=0, duration=4 days ago, upVote=false, downVote=false], PostResponse [postId=20, postName=second post, url=www.sec.com, description=<p>this is second post</p>, userName=nani, subredditName=Second Subreddit, voteCount=0, commentCount=0, duration=3 days ago, upVote=false, downVote=false]],[]>
